<?xml version="1.0" encoding="UTF-8"?>
<!-- Generated by org.testng.reporters.JUnitXMLReporter -->
<testsuite ignored="0" hostname="DESKTOP-3PMDTNC" failures="0" tests="10" name="Default test" time="12.891" errors="0" timestamp="2025-02-21T08:15:08 IST">
  <testcase classname="com.SwagLabs.checkbox" name="checkBox" time="3.585"/>
  <testcase classname="com.SwagLabs.checkbox" name="checkBox" time="3.642"/>
  <testcase classname="com.SwagLabs.checkbox" name="checkBox" time="3.705"/>
  <testcase classname="com.SwagLabs.checkbox" name="checkBox" time="3.065"/>
  <testcase classname="com.SwagLabs.checkbox" name="checkBox" time="3.076"/>
  <testcase classname="com.SwagLabs.checkbox" name="checkBox" time="3.078"/>
  <testcase classname="com.SwagLabs.checkbox" name="checkBox" time="3.082"/>
  <testcase classname="com.SwagLabs.checkbox" name="checkBox" time="3.077"/>
  <testcase classname="com.SwagLabs.checkbox" name="checkBox" time="3.081"/>
  <testcase classname="com.SwagLabs.checkbox" name="checkBox" time="3.051"/>
</testsuite> <!-- Default test -->
