<?xml version="1.0" encoding="UTF-8"?>
<!-- Generated by org.testng.reporters.JUnitXMLReporter -->
<testsuite ignored="2" hostname="DESKTOP-3PMDTNC" failures="0" tests="21" name="Test" time="12.985" errors="0" timestamp="2025-02-21T09:01:57 IST">
  <testcase classname="com.SwagLabs.checkbox" name="method1" time="0.031"/>
  <testcase classname="com.SwagLabs.checkbox" name="method10" time="0.046"/>
  <testcase classname="com.SwagLabs.checkbox" name="method2" time="0.056"/>
  <testcase classname="com.SwagLabs.checkbox" name="method3" time="0.005"/>
  <testcase classname="com.SwagLabs.checkbox" name="method5" time="0.004"/>
  <testcase classname="com.SwagLabs.checkbox" name="method6" time="0.191"/>
  <testcase classname="com.SwagLabs.checkbox" name="method8" time="0.049"/>
  <testcase classname="com.SwagLabs.checkbox" name="method7" time="0.054"/>
  <testcase classname="com.SwagLabs.checkbox" name="method9" time="0.002"/>
  <testcase classname="com.SwagLabs.checkbox" name="method4" time="0.299"/>
  <testcase classname="com.SwagLabs.slider" name="slider" time="0.917"/>
  <testcase classname="com.SwagLabs.checkbox" name="checkBox" time="3.676"/>
  <testcase classname="com.SwagLabs.checkbox" name="checkBox" time="3.746"/>
  <testcase classname="com.SwagLabs.checkbox" name="checkBox" time="3.77"/>
  <testcase classname="com.SwagLabs.checkbox" name="checkBox" time="3.082"/>
  <testcase classname="com.SwagLabs.checkbox" name="checkBox" time="3.079"/>
  <testcase classname="com.SwagLabs.checkbox" name="checkBox" time="3.102"/>
  <testcase classname="com.SwagLabs.checkbox" name="checkBox" time="3.052"/>
  <testcase classname="com.SwagLabs.checkbox" name="checkBox" time="3.055"/>
  <testcase classname="com.SwagLabs.checkbox" name="checkBox" time="3.056"/>
  <testcase classname="com.SwagLabs.checkbox" name="checkBox" time="3.058"/>
  <testcase classname="com.SwagLabs.Base" name="@AfterSuite tearDown" time="0.0">
    <ignored/>
  </testcase> <!-- @AfterSuite tearDown -->
  <testcase classname="com.SwagLabs.Base" name="@BeforeSuite setUp" time="0.0">
    <ignored/>
  </testcase> <!-- @BeforeSuite setUp -->
</testsuite> <!-- Test -->
