<?xml version="1.0" encoding="UTF-8"?>
<!-- Generated by org.testng.reporters.JUnitXMLReporter -->
<testsuite ignored="0" hostname="DESKTOP-3PMDTNC" failures="1" tests="3" name="Test" time="0.12" errors="0" timestamp="2025-02-12T20:56:48 IST">
  <testcase classname="TestNg.listenerInTestNg" name="testPass" time="0.019"/>
  <testcase classname="TestNg.listenerInTestNg" name="testFail" time="0.007">
    <failure type="java.lang.AssertionError" message="expected [true] but found [false]">
      <![CDATA[java.lang.AssertionError: expected [true] but found [false]
at TestNg.listenerInTestNg.testFail(listenerInTestNg.java:20)
at java.base/java.util.ArrayList.forEach(ArrayList.java:1597)
... Removed 29 stack frames]]>
    </failure>
  </testcase> <!-- testFail -->
  <testcase classname="TestNg.listenerInTestNg" name="testSkip" time="0.009">
    <skipped/>
  </testcase> <!-- testSkip -->
</testsuite> <!-- Test -->
