<?xml version="1.0" encoding="UTF-8"?>
<!-- Generated by org.testng.reporters.JUnitXMLReporter -->
<testsuite ignored="4" hostname="DESKTOP-3PMDTNC" failures="0" tests="13" name="Test Execution" time="0.302" errors="0" timestamp="2025-02-11T16:41:05 IST">
  <testcase classname="TestNg.OrderOfExecutionTestScript2" name="testCase3" time="0.038"/>
  <testcase classname="TestNg.OrderOfExecutionTestScript2" name="testCase4" time="0.034"/>
  <testcase classname="TestNg.OrderOfExecutionTestScript2" name="testCase1" time="0.029"/>
  <testcase classname="TestNg.OrderOfExecutionTestScript2" name="testCase2" time="0.042"/>
  <testcase classname="TestNg.EcommerceTestGropsExample" name="testCheckout" time="0.016"/>
  <testcase classname="TestNg.EcommerceTestGropsExample" name="testAddToCart" time="0.03"/>
  <testcase classname="TestNg.EcommerceTestGropsExample" name="testLogout" time="0.007"/>
  <testcase classname="TestNg.EcommerceTestGropsExample" name="testSearchProduct" time="0.007"/>
  <testcase classname="TestNg.EcommerceTestGropsExample" name="testInvalidLogin" time="0.045"/>
  <testcase classname="TestNg.EcommerceTestGropsExample" name="testUserLogin" time="0.012"/>
  <testcase classname="TestNg.OrderOfExecutionTestScript" name="testCase3" time="0.164"/>
  <testcase classname="TestNg.OrderOfExecutionTestScript" name="testCase3" time="0.017"/>
  <testcase classname="TestNg.OrderOfExecutionTestScript" name="testCase3" time="0.004"/>
  <testcase classname="TestNg.OrderOfExecutionTestScript" name="testCase5" time="0.0">
    <ignored/>
  </testcase> <!-- testCase5 -->
  <testcase classname="TestNg.OrderOfExecutionTestScript" name="testCase1" time="0.0">
    <ignored/>
  </testcase> <!-- testCase1 -->
  <testcase classname="TestNg.OrderOfExecutionTestScript" name="testCase2" time="0.0">
    <ignored/>
  </testcase> <!-- testCase2 -->
  <testcase classname="TestNg.OrderOfExecutionTestScript" name="testCase4" time="0.0">
    <ignored/>
  </testcase> <!-- testCase4 -->
</testsuite> <!-- Test Execution -->
