<?xml version="1.0" encoding="UTF-8"?>
<testng-results ignored="0" total="15" passed="15" failed="0" skipped="0">
  <reporter-output>
  </reporter-output>
  <suite started-at="2025-02-11T15:38:58 IST" name="Test Suite" finished-at="2025-02-11T15:38:58 IST" duration-ms="191">
    <groups>
      <group name="product">
        <method signature="EcommerceTestGropsExample.testAddToCart()[pri:0, instance:TestNg.EcommerceTestGropsExample@4386f16]" name="testAddToCart" class="TestNg.EcommerceTestGropsExample"/>
        <method signature="EcommerceTestGropsExample.testSearchProduct()[pri:0, instance:TestNg.EcommerceTestGropsExample@4386f16]" name="testSearchProduct" class="TestNg.EcommerceTestGropsExample"/>
      </group> <!-- product -->
      <group name="login">
        <method signature="EcommerceTestGropsExample.testInvalidLogin()[pri:0, instance:TestNg.EcommerceTestGropsExample@4386f16]" name="testInvalidLogin" class="TestNg.EcommerceTestGropsExample"/>
        <method signature="EcommerceTestGropsExample.testLogout()[pri:0, instance:TestNg.EcommerceTestGropsExample@4386f16]" name="testLogout" class="TestNg.EcommerceTestGropsExample"/>
        <method signature="EcommerceTestGropsExample.testUserLogin()[pri:0, instance:TestNg.EcommerceTestGropsExample@4386f16]" name="testUserLogin" class="TestNg.EcommerceTestGropsExample"/>
      </group> <!-- login -->
      <group name="checkout">
        <method signature="EcommerceTestGropsExample.testCheckout()[pri:0, instance:TestNg.EcommerceTestGropsExample@4386f16]" name="testCheckout" class="TestNg.EcommerceTestGropsExample"/>
        <method signature="EcommerceTestGropsExample.testLogout()[pri:0, instance:TestNg.EcommerceTestGropsExample@4386f16]" name="testLogout" class="TestNg.EcommerceTestGropsExample"/>
      </group> <!-- checkout -->
    </groups>
    <test started-at="2025-02-11T15:38:58 IST" name="Test Execution" finished-at="2025-02-11T15:38:58 IST" duration-ms="191">
      <class name="TestNg.OrderOfExecutionTestScript2">
        <test-method is-config="true" signature="beforeSuiteMethod()[pri:0, instance:TestNg.OrderOfExecutionTestScript2@2ea227af]" started-at="2025-02-11T15:38:58 IST" name="beforeSuiteMethod" finished-at="2025-02-11T15:38:58 IST" duration-ms="1" status="PASS">
          <reporter-output>
          </reporter-output>
        </test-method> <!-- beforeSuiteMethod -->
        <test-method is-config="true" signature="beforeClassMethod()[pri:0, instance:TestNg.OrderOfExecutionTestScript2@2ea227af]" started-at="2025-02-11T15:38:58 IST" name="beforeClassMethod" finished-at="2025-02-11T15:38:58 IST" duration-ms="1" status="PASS">
          <reporter-output>
          </reporter-output>
        </test-method> <!-- beforeClassMethod -->
        <test-method is-config="true" signature="beforeMethod()[pri:0, instance:TestNg.OrderOfExecutionTestScript2@2ea227af]" started-at="2025-02-11T15:38:58 IST" name="beforeMethod" finished-at="2025-02-11T15:38:58 IST" duration-ms="0" status="PASS">
          <reporter-output>
          </reporter-output>
        </test-method> <!-- beforeMethod -->
        <test-method signature="testCase1()[pri:0, instance:TestNg.OrderOfExecutionTestScript2@2ea227af]" started-at="2025-02-11T15:38:58 IST" name="testCase1" finished-at="2025-02-11T15:38:58 IST" duration-ms="5" status="PASS">
          <reporter-output>
          </reporter-output>
        </test-method> <!-- testCase1 -->
        <test-method is-config="true" signature="afterMethod()[pri:0, instance:TestNg.OrderOfExecutionTestScript2@2ea227af]" started-at="2025-02-11T15:38:58 IST" name="afterMethod" finished-at="2025-02-11T15:38:58 IST" duration-ms="2" status="PASS">
          <reporter-output>
          </reporter-output>
        </test-method> <!-- afterMethod -->
        <test-method signature="testCase2()[pri:0, instance:TestNg.OrderOfExecutionTestScript2@2ea227af]" started-at="2025-02-11T15:38:58 IST" name="testCase2" finished-at="2025-02-11T15:38:58 IST" duration-ms="0" status="PASS">
          <reporter-output>
          </reporter-output>
        </test-method> <!-- testCase2 -->
        <test-method is-config="true" signature="beforeMethod()[pri:0, instance:TestNg.OrderOfExecutionTestScript2@2ea227af]" started-at="2025-02-11T15:38:58 IST" name="beforeMethod" finished-at="2025-02-11T15:38:58 IST" duration-ms="0" status="PASS">
          <reporter-output>
          </reporter-output>
        </test-method> <!-- beforeMethod -->
        <test-method is-config="true" signature="afterMethod()[pri:0, instance:TestNg.OrderOfExecutionTestScript2@2ea227af]" started-at="2025-02-11T15:38:58 IST" name="afterMethod" finished-at="2025-02-11T15:38:58 IST" duration-ms="2" status="PASS">
          <reporter-output>
          </reporter-output>
        </test-method> <!-- afterMethod -->
        <test-method is-config="true" signature="beforeMethod()[pri:0, instance:TestNg.OrderOfExecutionTestScript2@2ea227af]" started-at="2025-02-11T15:38:58 IST" name="beforeMethod" finished-at="2025-02-11T15:38:58 IST" duration-ms="2" status="PASS">
          <reporter-output>
          </reporter-output>
        </test-method> <!-- beforeMethod -->
        <test-method signature="testCase3()[pri:0, instance:TestNg.OrderOfExecutionTestScript2@2ea227af]" started-at="2025-02-11T15:38:58 IST" name="testCase3" finished-at="2025-02-11T15:38:58 IST" duration-ms="2" status="PASS">
          <reporter-output>
          </reporter-output>
        </test-method> <!-- testCase3 -->
        <test-method is-config="true" signature="afterMethod()[pri:0, instance:TestNg.OrderOfExecutionTestScript2@2ea227af]" started-at="2025-02-11T15:38:58 IST" name="afterMethod" finished-at="2025-02-11T15:38:58 IST" duration-ms="1" status="PASS">
          <reporter-output>
          </reporter-output>
        </test-method> <!-- afterMethod -->
        <test-method signature="testCase4()[pri:0, instance:TestNg.OrderOfExecutionTestScript2@2ea227af]" started-at="2025-02-11T15:38:58 IST" name="testCase4" finished-at="2025-02-11T15:38:58 IST" duration-ms="8" status="PASS">
          <reporter-output>
          </reporter-output>
        </test-method> <!-- testCase4 -->
        <test-method is-config="true" signature="beforeMethod()[pri:0, instance:TestNg.OrderOfExecutionTestScript2@2ea227af]" started-at="2025-02-11T15:38:58 IST" name="beforeMethod" finished-at="2025-02-11T15:38:58 IST" duration-ms="0" status="PASS">
          <reporter-output>
          </reporter-output>
        </test-method> <!-- beforeMethod -->
        <test-method is-config="true" signature="afterMethod()[pri:0, instance:TestNg.OrderOfExecutionTestScript2@2ea227af]" started-at="2025-02-11T15:38:58 IST" name="afterMethod" finished-at="2025-02-11T15:38:58 IST" duration-ms="0" status="PASS">
          <reporter-output>
          </reporter-output>
        </test-method> <!-- afterMethod -->
        <test-method is-config="true" signature="afterClassMethod()[pri:0, instance:TestNg.OrderOfExecutionTestScript2@2ea227af]" started-at="2025-02-11T15:38:58 IST" name="afterClassMethod" finished-at="2025-02-11T15:38:58 IST" duration-ms="0" status="PASS">
          <reporter-output>
          </reporter-output>
        </test-method> <!-- afterClassMethod -->
        <test-method is-config="true" signature="afterSuiteMethod()[pri:0, instance:TestNg.OrderOfExecutionTestScript2@2ea227af]" started-at="2025-02-11T15:38:58 IST" name="afterSuiteMethod" finished-at="2025-02-11T15:38:58 IST" duration-ms="1" status="PASS">
          <reporter-output>
          </reporter-output>
        </test-method> <!-- afterSuiteMethod -->
      </class> <!-- TestNg.OrderOfExecutionTestScript2 -->
      <class name="TestNg.OrderOfExecutionTestScript">
        <test-method is-config="true" signature="beforeSuiteMethod()[pri:0, instance:TestNg.OrderOfExecutionTestScript@7adda9cc]" started-at="2025-02-11T15:38:58 IST" name="beforeSuiteMethod" finished-at="2025-02-11T15:38:58 IST" duration-ms="20" status="PASS">
          <reporter-output>
          </reporter-output>
        </test-method> <!-- beforeSuiteMethod -->
        <test-method is-config="true" signature="beforeClassMethod()[pri:0, instance:TestNg.OrderOfExecutionTestScript@7adda9cc]" started-at="2025-02-11T15:38:58 IST" name="beforeClassMethod" finished-at="2025-02-11T15:38:58 IST" duration-ms="1" status="PASS">
          <reporter-output>
          </reporter-output>
        </test-method> <!-- beforeClassMethod -->
        <test-method is-config="true" signature="beforeMethod()[pri:0, instance:TestNg.OrderOfExecutionTestScript@7adda9cc]" started-at="2025-02-11T15:38:58 IST" name="beforeMethod" finished-at="2025-02-11T15:38:58 IST" duration-ms="1" status="PASS">
          <reporter-output>
          </reporter-output>
        </test-method> <!-- beforeMethod -->
        <test-method signature="testCase1()[pri:0, instance:TestNg.OrderOfExecutionTestScript@7adda9cc]" started-at="2025-02-11T15:38:58 IST" name="testCase1" finished-at="2025-02-11T15:38:58 IST" duration-ms="6" status="PASS">
          <reporter-output>
          </reporter-output>
        </test-method> <!-- testCase1 -->
        <test-method is-config="true" signature="afterMethod()[pri:0, instance:TestNg.OrderOfExecutionTestScript@7adda9cc]" started-at="2025-02-11T15:38:58 IST" name="afterMethod" finished-at="2025-02-11T15:38:58 IST" duration-ms="5" status="PASS">
          <reporter-output>
          </reporter-output>
        </test-method> <!-- afterMethod -->
        <test-method is-config="true" signature="beforeMethod()[pri:0, instance:TestNg.OrderOfExecutionTestScript@7adda9cc]" started-at="2025-02-11T15:38:58 IST" name="beforeMethod" finished-at="2025-02-11T15:38:58 IST" duration-ms="1" status="PASS">
          <reporter-output>
          </reporter-output>
        </test-method> <!-- beforeMethod -->
        <test-method signature="testCase2()[pri:0, instance:TestNg.OrderOfExecutionTestScript@7adda9cc]" started-at="2025-02-11T15:38:58 IST" name="testCase2" finished-at="2025-02-11T15:38:58 IST" duration-ms="1" status="PASS">
          <reporter-output>
          </reporter-output>
        </test-method> <!-- testCase2 -->
        <test-method is-config="true" signature="afterMethod()[pri:0, instance:TestNg.OrderOfExecutionTestScript@7adda9cc]" started-at="2025-02-11T15:38:58 IST" name="afterMethod" finished-at="2025-02-11T15:38:58 IST" duration-ms="0" status="PASS">
          <reporter-output>
          </reporter-output>
        </test-method> <!-- afterMethod -->
        <test-method is-config="true" signature="beforeMethod()[pri:0, instance:TestNg.OrderOfExecutionTestScript@7adda9cc]" started-at="2025-02-11T15:38:58 IST" name="beforeMethod" finished-at="2025-02-11T15:38:58 IST" duration-ms="1" status="PASS">
          <reporter-output>
          </reporter-output>
        </test-method> <!-- beforeMethod -->
        <test-method signature="testCase3()[pri:0, instance:TestNg.OrderOfExecutionTestScript@7adda9cc]" started-at="2025-02-11T15:38:58 IST" name="testCase3" finished-at="2025-02-11T15:38:58 IST" duration-ms="4" status="PASS">
          <reporter-output>
          </reporter-output>
        </test-method> <!-- testCase3 -->
        <test-method is-config="true" signature="afterMethod()[pri:0, instance:TestNg.OrderOfExecutionTestScript@7adda9cc]" started-at="2025-02-11T15:38:58 IST" name="afterMethod" finished-at="2025-02-11T15:38:58 IST" duration-ms="1" status="PASS">
          <reporter-output>
          </reporter-output>
        </test-method> <!-- afterMethod -->
        <test-method signature="testCase4()[pri:0, instance:TestNg.OrderOfExecutionTestScript@7adda9cc]" started-at="2025-02-11T15:38:58 IST" name="testCase4" finished-at="2025-02-11T15:38:58 IST" duration-ms="2" status="PASS">
          <reporter-output>
          </reporter-output>
        </test-method> <!-- testCase4 -->
        <test-method is-config="true" signature="beforeMethod()[pri:0, instance:TestNg.OrderOfExecutionTestScript@7adda9cc]" started-at="2025-02-11T15:38:58 IST" name="beforeMethod" finished-at="2025-02-11T15:38:58 IST" duration-ms="0" status="PASS">
          <reporter-output>
          </reporter-output>
        </test-method> <!-- beforeMethod -->
        <test-method is-config="true" signature="afterMethod()[pri:0, instance:TestNg.OrderOfExecutionTestScript@7adda9cc]" started-at="2025-02-11T15:38:58 IST" name="afterMethod" finished-at="2025-02-11T15:38:58 IST" duration-ms="0" status="PASS">
          <reporter-output>
          </reporter-output>
        </test-method> <!-- afterMethod -->
        <test-method is-config="true" signature="beforeMethod()[pri:0, instance:TestNg.OrderOfExecutionTestScript@7adda9cc]" started-at="2025-02-11T15:38:58 IST" name="beforeMethod" finished-at="2025-02-11T15:38:58 IST" duration-ms="1" status="PASS">
          <reporter-output>
          </reporter-output>
        </test-method> <!-- beforeMethod -->
        <test-method signature="testCase5()[pri:0, instance:TestNg.OrderOfExecutionTestScript@7adda9cc]" started-at="2025-02-11T15:38:58 IST" name="testCase5" finished-at="2025-02-11T15:38:58 IST" duration-ms="3" status="PASS">
          <reporter-output>
          </reporter-output>
        </test-method> <!-- testCase5 -->
        <test-method is-config="true" signature="afterMethod()[pri:0, instance:TestNg.OrderOfExecutionTestScript@7adda9cc]" started-at="2025-02-11T15:38:58 IST" name="afterMethod" finished-at="2025-02-11T15:38:58 IST" duration-ms="7" status="PASS">
          <reporter-output>
          </reporter-output>
        </test-method> <!-- afterMethod -->
        <test-method is-config="true" signature="afterClassMethod()[pri:0, instance:TestNg.OrderOfExecutionTestScript@7adda9cc]" started-at="2025-02-11T15:38:58 IST" name="afterClassMethod" finished-at="2025-02-11T15:38:58 IST" duration-ms="1" status="PASS">
          <reporter-output>
          </reporter-output>
        </test-method> <!-- afterClassMethod -->
        <test-method is-config="true" signature="afterSuiteMethod()[pri:0, instance:TestNg.OrderOfExecutionTestScript@7adda9cc]" started-at="2025-02-11T15:38:58 IST" name="afterSuiteMethod" finished-at="2025-02-11T15:38:58 IST" duration-ms="1" status="PASS">
          <reporter-output>
          </reporter-output>
        </test-method> <!-- afterSuiteMethod -->
      </class> <!-- TestNg.OrderOfExecutionTestScript -->
      <class name="TestNg.EcommerceTestGropsExample">
        <test-method signature="testAddToCart()[pri:0, instance:TestNg.EcommerceTestGropsExample@4386f16]" started-at="2025-02-11T15:38:58 IST" name="testAddToCart" finished-at="2025-02-11T15:38:58 IST" duration-ms="3" status="PASS">
          <reporter-output>
          </reporter-output>
        </test-method> <!-- testAddToCart -->
        <test-method signature="testCheckout()[pri:0, instance:TestNg.EcommerceTestGropsExample@4386f16]" started-at="2025-02-11T15:38:58 IST" name="testCheckout" finished-at="2025-02-11T15:38:58 IST" duration-ms="34" status="PASS">
          <reporter-output>
          </reporter-output>
        </test-method> <!-- testCheckout -->
        <test-method signature="testInvalidLogin()[pri:0, instance:TestNg.EcommerceTestGropsExample@4386f16]" started-at="2025-02-11T15:38:58 IST" name="testInvalidLogin" finished-at="2025-02-11T15:38:58 IST" duration-ms="1" status="PASS">
          <reporter-output>
          </reporter-output>
        </test-method> <!-- testInvalidLogin -->
        <test-method signature="testLogout()[pri:0, instance:TestNg.EcommerceTestGropsExample@4386f16]" started-at="2025-02-11T15:38:58 IST" name="testLogout" finished-at="2025-02-11T15:38:58 IST" duration-ms="5" status="PASS">
          <reporter-output>
          </reporter-output>
        </test-method> <!-- testLogout -->
        <test-method signature="testSearchProduct()[pri:0, instance:TestNg.EcommerceTestGropsExample@4386f16]" started-at="2025-02-11T15:38:58 IST" name="testSearchProduct" finished-at="2025-02-11T15:38:58 IST" duration-ms="3" status="PASS">
          <reporter-output>
          </reporter-output>
        </test-method> <!-- testSearchProduct -->
        <test-method signature="testUserLogin()[pri:0, instance:TestNg.EcommerceTestGropsExample@4386f16]" started-at="2025-02-11T15:38:58 IST" name="testUserLogin" finished-at="2025-02-11T15:38:58 IST" duration-ms="1" status="PASS">
          <reporter-output>
          </reporter-output>
        </test-method> <!-- testUserLogin -->
      </class> <!-- TestNg.EcommerceTestGropsExample -->
    </test> <!-- Test Execution -->
  </suite> <!-- Test Suite -->
</testng-results>
