<?xml version="1.0" encoding="UTF-8"?>
<testsuite xmlns:xsi="http://www.w3.org/2001/XMLSchema-instance" xsi:noNamespaceSchemaLocation="https://maven.apache.org/surefire/maven-surefire-plugin/xsd/surefire-test-report-3.0.xsd" version="3.0" name="TestSuite" time="1.176" tests="15" errors="0" skipped="0" failures="0">
  <properties>
[...]
</properties>
  <testcase name="testCase1" classname="TestNg.OrderOfExecutionTestScript2" time="0.004">
    <system-out><![CDATA[Before Suite - Runs once before the entire test suite
Before Suite - Runs once before the entire test suite
Before Class - Runs once before all test methods in this class
Before Class - Runs once before all test methods in this class
Before Method - Runs before each @Test method
Before Method - Runs before each @Test method
Test Case 1 - Running
Test Case 1 - Running
Product added to cart.
]]></system-out>
    <system-err><![CDATA[SLF4J: Failed to load class "org.slf4j.impl.StaticLoggerBinder".
SLF4J: Defaulting to no-operation (NOP) logger implementation
SLF4J: See http://www.slf4j.org/codes.html#StaticLoggerBinder for further details.
]]></system-err>
  </testcase>
  <testcase name="testCase2" classname="TestNg.OrderOfExecutionTestScript2" time="0.006">
    <system-out><![CDATA[After Method - Runs after each @Test method
After Method - Runs after each @Test method
Before Method - Runs before each @Test method
Test Case 2 - Running
]]></system-out>
  </testcase>
  <testcase name="testCase3" classname="TestNg.OrderOfExecutionTestScript2" time="0.002">
    <system-out><![CDATA[Test Case 3 - Running
]]></system-out>
  </testcase>
  <testcase name="testCase4" classname="TestNg.OrderOfExecutionTestScript2" time="0.002">
    <system-out><![CDATA[Test Case 4 - Running
]]></system-out>
  </testcase>
  <testcase name="testAddToCart" classname="TestNg.EcommerceTestGropsExample" time="0.005"/>
  <testcase name="testCheckout" classname="TestNg.EcommerceTestGropsExample" time="0.007"/>
  <testcase name="testInvalidLogin" classname="TestNg.EcommerceTestGropsExample" time="0.011">
    <system-out><![CDATA[Before Method - Runs before each @Test method
Invalid login attempt.
]]></system-out>
  </testcase>
  <testcase name="testLogout" classname="TestNg.EcommerceTestGropsExample" time="0.009">
    <system-out><![CDATA[After Method - Runs after each @Test method
Before Method - Runs before each @Test method
User successfully logged out.
After Method - Runs after each @Test method
After Class - Runs once after all test methods in this class
]]></system-out>
  </testcase>
  <testcase name="testSearchProduct" classname="TestNg.EcommerceTestGropsExample" time="0.001">
    <system-out><![CDATA[After Method - Runs after each @Test method
After Class - Runs once after all test methods in this class
Product search successful.
]]></system-out>
  </testcase>
  <testcase name="testUserLogin" classname="TestNg.EcommerceTestGropsExample" time="0.003">
    <system-out><![CDATA[User successfully logged in.
]]></system-out>
  </testcase>
  <testcase name="testCase1" classname="TestNg.OrderOfExecutionTestScript" time="0.005"/>
  <testcase name="testCase2" classname="TestNg.OrderOfExecutionTestScript" time="0.001">
    <system-out><![CDATA[After Method - Runs after each @Test method
Before Method - Runs before each @Test method
Test Case 2 - Running
]]></system-out>
  </testcase>
  <testcase name="testCase3" classname="TestNg.OrderOfExecutionTestScript" time="0">
    <system-out><![CDATA[After Method - Runs after each @Test method
Before Method - Runs before each @Test method
Test Case 3 - Running
]]></system-out>
  </testcase>
  <testcase name="testCase4" classname="TestNg.OrderOfExecutionTestScript" time="0.008">
    <system-out><![CDATA[After Method - Runs after each @Test method
Before Method - Runs before each @Test method
Test Case 4 - Running
]]></system-out>
  </testcase>
  <testcase name="testCase5" classname="TestNg.OrderOfExecutionTestScript" time="0.007">
    <system-out><![CDATA[After Method - Runs after each @Test method
Before Method - Runs before each @Test method
Checkout process completed.
Test Case 5 - Running
]]></system-out>
  </testcase>
</testsuite>