<?xml version="1.0" encoding="UTF-8"?>
<!-- Generated by org.testng.reporters.JUnitXMLReporter -->
<testsuite ignored="0" hostname="DESKTOP-3PMDTNC" failures="0" tests="15" name="Test Execution" time="0.191" errors="0" timestamp="2025-02-11T15:38:58 IST">
  <testcase classname="TestNg.EcommerceTestGropsExample" name="testAddToCart" time="0.003"/>
  <testcase classname="TestNg.OrderOfExecutionTestScript" name="testCase1" time="0.006"/>
  <testcase classname="TestNg.OrderOfExecutionTestScript" name="testCase2" time="0.001"/>
  <testcase classname="TestNg.OrderOfExecutionTestScript" name="testCase3" time="0.004"/>
  <testcase classname="TestNg.OrderOfExecutionTestScript2" name="testCase1" time="0.005"/>
  <testcase classname="TestNg.OrderOfExecutionTestScript" name="testCase4" time="0.002"/>
  <testcase classname="TestNg.OrderOfExecutionTestScript2" name="testCase2" time="0.0"/>
  <testcase classname="TestNg.OrderOfExecutionTestScript" name="testCase5" time="0.003"/>
  <testcase classname="TestNg.EcommerceTestGropsExample" name="testCheckout" time="0.034"/>
  <testcase classname="TestNg.EcommerceTestGropsExample" name="testInvalidLogin" time="0.001"/>
  <testcase classname="TestNg.OrderOfExecutionTestScript2" name="testCase3" time="0.002"/>
  <testcase classname="TestNg.EcommerceTestGropsExample" name="testLogout" time="0.005"/>
  <testcase classname="TestNg.OrderOfExecutionTestScript2" name="testCase4" time="0.008"/>
  <testcase classname="TestNg.EcommerceTestGropsExample" name="testSearchProduct" time="0.003"/>
  <testcase classname="TestNg.EcommerceTestGropsExample" name="testUserLogin" time="0.001"/>
</testsuite> <!-- Test Execution -->
