<?xml version="1.0" encoding="UTF-8"?>
<testng-results ignored="0" total="1" passed="1" failed="0" skipped="0">
  <reporter-output>
  </reporter-output>
  <suite started-at="2025-02-13T12:59:05 IST" name="Default suite" finished-at="2025-02-13T12:59:16 IST" duration-ms="10661">
    <groups>
    </groups>
    <test started-at="2025-02-13T12:59:05 IST" name="Default test" finished-at="2025-02-13T12:59:16 IST" duration-ms="10661">
      <class name="TestNg.OpenEmptyFirefoxTest">
        <test-method is-config="true" signature="setup()[pri:0, instance:TestNg.OpenEmptyFirefoxTest@506ae4d4]" started-at="2025-02-13T12:59:05 IST" name="setup" finished-at="2025-02-13T12:59:16 IST" duration-ms="10561" status="PASS">
          <reporter-output>
          </reporter-output>
        </test-method> <!-- setup -->
        <test-method signature="openEmptyBrowser()[pri:0, instance:TestNg.OpenEmptyFirefoxTest@506ae4d4]" started-at="2025-02-13T12:59:16 IST" name="openEmptyBrowser" finished-at="2025-02-13T12:59:16 IST" duration-ms="22" status="PASS">
          <reporter-output>
          </reporter-output>
        </test-method> <!-- openEmptyBrowser -->
        <test-method is-config="true" signature="tearDown()[pri:0, instance:TestNg.OpenEmptyFirefoxTest@506ae4d4]" started-at="2025-02-13T12:59:16 IST" name="tearDown" finished-at="2025-02-13T12:59:16 IST" duration-ms="1" status="PASS">
          <reporter-output>
          </reporter-output>
        </test-method> <!-- tearDown -->
      </class> <!-- TestNg.OpenEmptyFirefoxTest -->
    </test> <!-- Default test -->
  </suite> <!-- Default suite -->
</testng-results>
