<?xml version="1.0" encoding="UTF-8"?>
<testng-results ignored="2" total="23" passed="21" failed="0" skipped="0">
  <reporter-output>
  </reporter-output>
  <suite started-at="2025-02-21T09:01:44 IST" name="Suite" finished-at="2025-02-21T09:01:57 IST" duration-ms="12985">
    <groups>
    </groups>
    <test started-at="2025-02-21T09:01:44 IST" name="Test" finished-at="2025-02-21T09:01:57 IST" duration-ms="12985">
      <class name="com.SwagLabs.checkbox">
        <test-method is-config="true" signature="startTest(java.lang.reflect.Method)[pri:0, instance:com.SwagLabs.checkbox@2289aca5]" started-at="2025-02-21T09:01:45 IST" name="startTest" finished-at="2025-02-21T09:01:45 IST" duration-ms="28" status="PASS">
          <params>
            <param index="0">
              <value>
                <![CDATA[public void com.SwagLabs.checkbox.method2()]]>
              </value>
            </param>
          </params>
          <reporter-output>
          </reporter-output>
        </test-method> <!-- startTest -->
        <test-method is-config="true" signature="startTest(java.lang.reflect.Method)[pri:0, instance:com.SwagLabs.checkbox@2289aca5]" started-at="2025-02-21T09:01:45 IST" name="startTest" finished-at="2025-02-21T09:01:45 IST" duration-ms="28" status="PASS">
          <params>
            <param index="0">
              <value>
                <![CDATA[public void com.SwagLabs.checkbox.method1()]]>
              </value>
            </param>
          </params>
          <reporter-output>
          </reporter-output>
        </test-method> <!-- startTest -->
        <test-method is-config="true" signature="startTest(java.lang.reflect.Method)[pri:0, instance:com.SwagLabs.checkbox@2289aca5]" started-at="2025-02-21T09:01:45 IST" name="startTest" finished-at="2025-02-21T09:01:45 IST" duration-ms="29" status="PASS">
          <params>
            <param index="0">
              <value>
                <![CDATA[public void com.SwagLabs.checkbox.method10()]]>
              </value>
            </param>
          </params>
          <reporter-output>
          </reporter-output>
        </test-method> <!-- startTest -->
        <test-method is-config="true" signature="startTest(java.lang.reflect.Method)[pri:0, instance:com.SwagLabs.checkbox@2289aca5]" started-at="2025-02-21T09:01:45 IST" name="startTest" finished-at="2025-02-21T09:01:45 IST" duration-ms="25" status="PASS">
          <params>
            <param index="0">
              <value>
                <![CDATA[public void com.SwagLabs.checkbox.checkBox() throws java.lang.InterruptedException]]>
              </value>
            </param>
          </params>
          <reporter-output>
          </reporter-output>
        </test-method> <!-- startTest -->
        <test-method is-config="true" signature="startTest(java.lang.reflect.Method)[pri:0, instance:com.SwagLabs.checkbox@2289aca5]" started-at="2025-02-21T09:01:45 IST" name="startTest" finished-at="2025-02-21T09:01:45 IST" duration-ms="27" status="PASS">
          <params>
            <param index="0">
              <value>
                <![CDATA[public void com.SwagLabs.checkbox.checkBox() throws java.lang.InterruptedException]]>
              </value>
            </param>
          </params>
          <reporter-output>
          </reporter-output>
        </test-method> <!-- startTest -->
        <test-method is-config="true" signature="startTest(java.lang.reflect.Method)[pri:0, instance:com.SwagLabs.checkbox@2289aca5]" started-at="2025-02-21T09:01:45 IST" name="startTest" finished-at="2025-02-21T09:01:45 IST" duration-ms="24" status="PASS">
          <params>
            <param index="0">
              <value>
                <![CDATA[public void com.SwagLabs.checkbox.checkBox() throws java.lang.InterruptedException]]>
              </value>
            </param>
          </params>
          <reporter-output>
          </reporter-output>
        </test-method> <!-- startTest -->
        <test-method signature="checkBox()[pri:0, instance:com.SwagLabs.checkbox@2289aca5]" started-at="2025-02-21T09:01:45 IST" name="checkBox" finished-at="2025-02-21T09:01:48 IST" duration-ms="3746" status="PASS">
          <reporter-output>
          </reporter-output>
        </test-method> <!-- checkBox -->
        <test-method signature="method1()[pri:0, instance:com.SwagLabs.checkbox@2289aca5]" started-at="2025-02-21T09:01:45 IST" name="method1" finished-at="2025-02-21T09:01:45 IST" duration-ms="31" status="PASS">
          <reporter-output>
          </reporter-output>
        </test-method> <!-- method1 -->
        <test-method signature="checkBox()[pri:0, instance:com.SwagLabs.checkbox@2289aca5]" started-at="2025-02-21T09:01:45 IST" name="checkBox" finished-at="2025-02-21T09:01:48 IST" duration-ms="3676" status="PASS">
          <reporter-output>
          </reporter-output>
        </test-method> <!-- checkBox -->
        <test-method signature="checkBox()[pri:0, instance:com.SwagLabs.checkbox@2289aca5]" started-at="2025-02-21T09:01:45 IST" name="checkBox" finished-at="2025-02-21T09:01:48 IST" duration-ms="3770" status="PASS">
          <reporter-output>
          </reporter-output>
        </test-method> <!-- checkBox -->
        <test-method signature="method10()[pri:0, instance:com.SwagLabs.checkbox@2289aca5]" started-at="2025-02-21T09:01:45 IST" name="method10" finished-at="2025-02-21T09:01:45 IST" duration-ms="46" status="PASS">
          <reporter-output>
          </reporter-output>
        </test-method> <!-- method10 -->
        <test-method signature="method2()[pri:0, instance:com.SwagLabs.checkbox@2289aca5]" started-at="2025-02-21T09:01:45 IST" name="method2" finished-at="2025-02-21T09:01:45 IST" duration-ms="56" status="PASS">
          <reporter-output>
          </reporter-output>
        </test-method> <!-- method2 -->
        <test-method is-config="true" signature="captureScreenshotOnFailure(org.testng.ITestResult)[pri:0, instance:com.SwagLabs.checkbox@2289aca5]" started-at="2025-02-21T09:01:45 IST" name="captureScreenshotOnFailure" finished-at="2025-02-21T09:01:45 IST" duration-ms="21" status="PASS">
          <params>
            <param index="0">
              <value>
                <![CDATA[[TestResult name=method10 status=SUCCESS method=checkbox.method10()[pri:0, instance:com.SwagLabs.checkbox@2289aca5] output={null}]]]>
              </value>
            </param>
          </params>
          <reporter-output>
          </reporter-output>
        </test-method> <!-- captureScreenshotOnFailure -->
        <test-method is-config="true" signature="captureScreenshotOnFailure(org.testng.ITestResult)[pri:0, instance:com.SwagLabs.checkbox@2289aca5]" started-at="2025-02-21T09:01:45 IST" name="captureScreenshotOnFailure" finished-at="2025-02-21T09:01:45 IST" duration-ms="14" status="PASS">
          <params>
            <param index="0">
              <value>
                <![CDATA[[TestResult name=method2 status=SUCCESS method=checkbox.method2()[pri:0, instance:com.SwagLabs.checkbox@2289aca5] output={null}]]]>
              </value>
            </param>
          </params>
          <reporter-output>
          </reporter-output>
        </test-method> <!-- captureScreenshotOnFailure -->
        <test-method is-config="true" signature="captureScreenshotOnFailure(org.testng.ITestResult)[pri:0, instance:com.SwagLabs.checkbox@2289aca5]" started-at="2025-02-21T09:01:45 IST" name="captureScreenshotOnFailure" finished-at="2025-02-21T09:01:45 IST" duration-ms="9" status="PASS">
          <params>
            <param index="0">
              <value>
                <![CDATA[[TestResult name=method1 status=SUCCESS method=checkbox.method1()[pri:0, instance:com.SwagLabs.checkbox@2289aca5] output={null}]]]>
              </value>
            </param>
          </params>
          <reporter-output>
          </reporter-output>
        </test-method> <!-- captureScreenshotOnFailure -->
        <test-method is-config="true" signature="startTest(java.lang.reflect.Method)[pri:0, instance:com.SwagLabs.checkbox@2289aca5]" started-at="2025-02-21T09:01:45 IST" name="startTest" finished-at="2025-02-21T09:01:45 IST" duration-ms="1" status="PASS">
          <params>
            <param index="0">
              <value>
                <![CDATA[public void com.SwagLabs.checkbox.method3()]]>
              </value>
            </param>
          </params>
          <reporter-output>
          </reporter-output>
        </test-method> <!-- startTest -->
        <test-method signature="method3()[pri:0, instance:com.SwagLabs.checkbox@2289aca5]" started-at="2025-02-21T09:01:45 IST" name="method3" finished-at="2025-02-21T09:01:45 IST" duration-ms="5" status="PASS">
          <reporter-output>
          </reporter-output>
        </test-method> <!-- method3 -->
        <test-method is-config="true" signature="startTest(java.lang.reflect.Method)[pri:0, instance:com.SwagLabs.checkbox@2289aca5]" started-at="2025-02-21T09:01:45 IST" name="startTest" finished-at="2025-02-21T09:01:45 IST" duration-ms="0" status="PASS">
          <params>
            <param index="0">
              <value>
                <![CDATA[public void com.SwagLabs.checkbox.method4()]]>
              </value>
            </param>
          </params>
          <reporter-output>
          </reporter-output>
        </test-method> <!-- startTest -->
        <test-method signature="method4()[pri:0, instance:com.SwagLabs.checkbox@2289aca5]" started-at="2025-02-21T09:01:45 IST" name="method4" finished-at="2025-02-21T09:01:45 IST" duration-ms="299" status="PASS">
          <reporter-output>
          </reporter-output>
        </test-method> <!-- method4 -->
        <test-method is-config="true" signature="startTest(java.lang.reflect.Method)[pri:0, instance:com.SwagLabs.checkbox@2289aca5]" started-at="2025-02-21T09:01:45 IST" name="startTest" finished-at="2025-02-21T09:01:45 IST" duration-ms="1" status="PASS">
          <params>
            <param index="0">
              <value>
                <![CDATA[public void com.SwagLabs.checkbox.method5()]]>
              </value>
            </param>
          </params>
          <reporter-output>
          </reporter-output>
        </test-method> <!-- startTest -->
        <test-method signature="method5()[pri:0, instance:com.SwagLabs.checkbox@2289aca5]" started-at="2025-02-21T09:01:45 IST" name="method5" finished-at="2025-02-21T09:01:45 IST" duration-ms="4" status="PASS">
          <reporter-output>
          </reporter-output>
        </test-method> <!-- method5 -->
        <test-method is-config="true" signature="captureScreenshotOnFailure(org.testng.ITestResult)[pri:0, instance:com.SwagLabs.checkbox@2289aca5]" started-at="2025-02-21T09:01:45 IST" name="captureScreenshotOnFailure" finished-at="2025-02-21T09:01:45 IST" duration-ms="1" status="PASS">
          <params>
            <param index="0">
              <value>
                <![CDATA[[TestResult name=method3 status=SUCCESS method=checkbox.method3()[pri:0, instance:com.SwagLabs.checkbox@2289aca5] output={null}]]]>
              </value>
            </param>
          </params>
          <reporter-output>
          </reporter-output>
        </test-method> <!-- captureScreenshotOnFailure -->
        <test-method is-config="true" signature="startTest(java.lang.reflect.Method)[pri:0, instance:com.SwagLabs.checkbox@2289aca5]" started-at="2025-02-21T09:01:45 IST" name="startTest" finished-at="2025-02-21T09:01:45 IST" duration-ms="3" status="PASS">
          <params>
            <param index="0">
              <value>
                <![CDATA[public void com.SwagLabs.checkbox.method6()]]>
              </value>
            </param>
          </params>
          <reporter-output>
          </reporter-output>
        </test-method> <!-- startTest -->
        <test-method signature="method6()[pri:0, instance:com.SwagLabs.checkbox@2289aca5]" started-at="2025-02-21T09:01:45 IST" name="method6" finished-at="2025-02-21T09:01:45 IST" duration-ms="191" status="PASS">
          <reporter-output>
          </reporter-output>
        </test-method> <!-- method6 -->
        <test-method is-config="true" signature="captureScreenshotOnFailure(org.testng.ITestResult)[pri:0, instance:com.SwagLabs.checkbox@2289aca5]" started-at="2025-02-21T09:01:45 IST" name="captureScreenshotOnFailure" finished-at="2025-02-21T09:01:45 IST" duration-ms="19" status="PASS">
          <params>
            <param index="0">
              <value>
                <![CDATA[[TestResult name=method5 status=SUCCESS method=checkbox.method5()[pri:0, instance:com.SwagLabs.checkbox@2289aca5] output={null}]]]>
              </value>
            </param>
          </params>
          <reporter-output>
          </reporter-output>
        </test-method> <!-- captureScreenshotOnFailure -->
        <test-method is-config="true" signature="captureScreenshotOnFailure(org.testng.ITestResult)[pri:0, instance:com.SwagLabs.checkbox@2289aca5]" started-at="2025-02-21T09:01:45 IST" name="captureScreenshotOnFailure" finished-at="2025-02-21T09:01:45 IST" duration-ms="1" status="PASS">
          <params>
            <param index="0">
              <value>
                <![CDATA[[TestResult name=method6 status=SUCCESS method=checkbox.method6()[pri:0, instance:com.SwagLabs.checkbox@2289aca5] output={null}]]]>
              </value>
            </param>
          </params>
          <reporter-output>
          </reporter-output>
        </test-method> <!-- captureScreenshotOnFailure -->
        <test-method signature="method8()[pri:0, instance:com.SwagLabs.checkbox@2289aca5]" started-at="2025-02-21T09:01:45 IST" name="method8" finished-at="2025-02-21T09:01:45 IST" duration-ms="49" status="PASS">
          <reporter-output>
          </reporter-output>
        </test-method> <!-- method8 -->
        <test-method is-config="true" signature="startTest(java.lang.reflect.Method)[pri:0, instance:com.SwagLabs.checkbox@2289aca5]" started-at="2025-02-21T09:01:45 IST" name="startTest" finished-at="2025-02-21T09:01:45 IST" duration-ms="0" status="PASS">
          <params>
            <param index="0">
              <value>
                <![CDATA[public void com.SwagLabs.checkbox.method8()]]>
              </value>
            </param>
          </params>
          <reporter-output>
          </reporter-output>
        </test-method> <!-- startTest -->
        <test-method is-config="true" signature="startTest(java.lang.reflect.Method)[pri:0, instance:com.SwagLabs.checkbox@2289aca5]" started-at="2025-02-21T09:01:45 IST" name="startTest" finished-at="2025-02-21T09:01:45 IST" duration-ms="2" status="PASS">
          <params>
            <param index="0">
              <value>
                <![CDATA[public void com.SwagLabs.checkbox.method7()]]>
              </value>
            </param>
          </params>
          <reporter-output>
          </reporter-output>
        </test-method> <!-- startTest -->
        <test-method signature="method7()[pri:0, instance:com.SwagLabs.checkbox@2289aca5]" started-at="2025-02-21T09:01:45 IST" name="method7" finished-at="2025-02-21T09:01:45 IST" duration-ms="54" status="PASS">
          <reporter-output>
          </reporter-output>
        </test-method> <!-- method7 -->
        <test-method is-config="true" signature="captureScreenshotOnFailure(org.testng.ITestResult)[pri:0, instance:com.SwagLabs.checkbox@2289aca5]" started-at="2025-02-21T09:01:45 IST" name="captureScreenshotOnFailure" finished-at="2025-02-21T09:01:45 IST" duration-ms="7" status="PASS">
          <params>
            <param index="0">
              <value>
                <![CDATA[[TestResult name=method8 status=SUCCESS method=checkbox.method8()[pri:0, instance:com.SwagLabs.checkbox@2289aca5] output={null}]]]>
              </value>
            </param>
          </params>
          <reporter-output>
          </reporter-output>
        </test-method> <!-- captureScreenshotOnFailure -->
        <test-method is-config="true" signature="startTest(java.lang.reflect.Method)[pri:0, instance:com.SwagLabs.checkbox@2289aca5]" started-at="2025-02-21T09:01:45 IST" name="startTest" finished-at="2025-02-21T09:01:45 IST" duration-ms="7" status="PASS">
          <params>
            <param index="0">
              <value>
                <![CDATA[public void com.SwagLabs.checkbox.method9()]]>
              </value>
            </param>
          </params>
          <reporter-output>
          </reporter-output>
        </test-method> <!-- startTest -->
        <test-method is-config="true" signature="captureScreenshotOnFailure(org.testng.ITestResult)[pri:0, instance:com.SwagLabs.checkbox@2289aca5]" started-at="2025-02-21T09:01:45 IST" name="captureScreenshotOnFailure" finished-at="2025-02-21T09:01:45 IST" duration-ms="7" status="PASS">
          <params>
            <param index="0">
              <value>
                <![CDATA[[TestResult name=method7 status=SUCCESS method=checkbox.method7()[pri:0, instance:com.SwagLabs.checkbox@2289aca5] output={null}]]]>
              </value>
            </param>
          </params>
          <reporter-output>
          </reporter-output>
        </test-method> <!-- captureScreenshotOnFailure -->
        <test-method signature="method9()[pri:0, instance:com.SwagLabs.checkbox@2289aca5]" started-at="2025-02-21T09:01:45 IST" name="method9" finished-at="2025-02-21T09:01:45 IST" duration-ms="2" status="PASS">
          <reporter-output>
          </reporter-output>
        </test-method> <!-- method9 -->
        <test-method is-config="true" signature="captureScreenshotOnFailure(org.testng.ITestResult)[pri:0, instance:com.SwagLabs.checkbox@2289aca5]" started-at="2025-02-21T09:01:45 IST" name="captureScreenshotOnFailure" finished-at="2025-02-21T09:01:45 IST" duration-ms="1" status="PASS">
          <params>
            <param index="0">
              <value>
                <![CDATA[[TestResult name=method9 status=SUCCESS method=checkbox.method9()[pri:0, instance:com.SwagLabs.checkbox@2289aca5] output={null}]]]>
              </value>
            </param>
          </params>
          <reporter-output>
          </reporter-output>
        </test-method> <!-- captureScreenshotOnFailure -->
        <test-method is-config="true" signature="captureScreenshotOnFailure(org.testng.ITestResult)[pri:0, instance:com.SwagLabs.checkbox@2289aca5]" started-at="2025-02-21T09:01:45 IST" name="captureScreenshotOnFailure" finished-at="2025-02-21T09:01:45 IST" duration-ms="0" status="PASS">
          <params>
            <param index="0">
              <value>
                <![CDATA[[TestResult name=method4 status=SUCCESS method=checkbox.method4()[pri:0, instance:com.SwagLabs.checkbox@2289aca5] output={null}]]]>
              </value>
            </param>
          </params>
          <reporter-output>
          </reporter-output>
        </test-method> <!-- captureScreenshotOnFailure -->
        <test-method is-config="true" signature="captureScreenshotOnFailure(org.testng.ITestResult)[pri:0, instance:com.SwagLabs.checkbox@2289aca5]" started-at="2025-02-21T09:01:48 IST" name="captureScreenshotOnFailure" finished-at="2025-02-21T09:01:48 IST" duration-ms="0" status="PASS">
          <params>
            <param index="0">
              <value>
                <![CDATA[[TestResult name=checkBox status=SUCCESS method=checkbox.checkBox()[pri:0, instance:com.SwagLabs.checkbox@2289aca5] output={null}]]]>
              </value>
            </param>
          </params>
          <reporter-output>
          </reporter-output>
        </test-method> <!-- captureScreenshotOnFailure -->
        <test-method signature="checkBox()[pri:0, instance:com.SwagLabs.checkbox@2289aca5]" started-at="2025-02-21T09:01:48 IST" name="checkBox" finished-at="2025-02-21T09:01:51 IST" duration-ms="3082" status="PASS">
          <reporter-output>
          </reporter-output>
        </test-method> <!-- checkBox -->
        <test-method is-config="true" signature="startTest(java.lang.reflect.Method)[pri:0, instance:com.SwagLabs.checkbox@2289aca5]" started-at="2025-02-21T09:01:48 IST" name="startTest" finished-at="2025-02-21T09:01:48 IST" duration-ms="0" status="PASS">
          <params>
            <param index="0">
              <value>
                <![CDATA[public void com.SwagLabs.checkbox.checkBox() throws java.lang.InterruptedException]]>
              </value>
            </param>
          </params>
          <reporter-output>
          </reporter-output>
        </test-method> <!-- startTest -->
        <test-method is-config="true" signature="captureScreenshotOnFailure(org.testng.ITestResult)[pri:0, instance:com.SwagLabs.checkbox@2289aca5]" started-at="2025-02-21T09:01:48 IST" name="captureScreenshotOnFailure" finished-at="2025-02-21T09:01:48 IST" duration-ms="7" status="PASS">
          <params>
            <param index="0">
              <value>
                <![CDATA[[TestResult name=checkBox status=SUCCESS method=checkbox.checkBox()[pri:0, instance:com.SwagLabs.checkbox@2289aca5] output={null}]]]>
              </value>
            </param>
          </params>
          <reporter-output>
          </reporter-output>
        </test-method> <!-- captureScreenshotOnFailure -->
        <test-method is-config="true" signature="startTest(java.lang.reflect.Method)[pri:0, instance:com.SwagLabs.checkbox@2289aca5]" started-at="2025-02-21T09:01:48 IST" name="startTest" finished-at="2025-02-21T09:01:48 IST" duration-ms="7" status="PASS">
          <params>
            <param index="0">
              <value>
                <![CDATA[public void com.SwagLabs.checkbox.checkBox() throws java.lang.InterruptedException]]>
              </value>
            </param>
          </params>
          <reporter-output>
          </reporter-output>
        </test-method> <!-- startTest -->
        <test-method signature="checkBox()[pri:0, instance:com.SwagLabs.checkbox@2289aca5]" started-at="2025-02-21T09:01:48 IST" name="checkBox" finished-at="2025-02-21T09:01:51 IST" duration-ms="3079" status="PASS">
          <reporter-output>
          </reporter-output>
        </test-method> <!-- checkBox -->
        <test-method is-config="true" signature="captureScreenshotOnFailure(org.testng.ITestResult)[pri:0, instance:com.SwagLabs.checkbox@2289aca5]" started-at="2025-02-21T09:01:48 IST" name="captureScreenshotOnFailure" finished-at="2025-02-21T09:01:48 IST" duration-ms="5" status="PASS">
          <params>
            <param index="0">
              <value>
                <![CDATA[[TestResult name=checkBox status=SUCCESS method=checkbox.checkBox()[pri:0, instance:com.SwagLabs.checkbox@2289aca5] output={null}]]]>
              </value>
            </param>
          </params>
          <reporter-output>
          </reporter-output>
        </test-method> <!-- captureScreenshotOnFailure -->
        <test-method signature="checkBox()[pri:0, instance:com.SwagLabs.checkbox@2289aca5]" started-at="2025-02-21T09:01:48 IST" name="checkBox" finished-at="2025-02-21T09:01:51 IST" duration-ms="3102" status="PASS">
          <reporter-output>
          </reporter-output>
        </test-method> <!-- checkBox -->
        <test-method is-config="true" signature="startTest(java.lang.reflect.Method)[pri:0, instance:com.SwagLabs.checkbox@2289aca5]" started-at="2025-02-21T09:01:48 IST" name="startTest" finished-at="2025-02-21T09:01:48 IST" duration-ms="0" status="PASS">
          <params>
            <param index="0">
              <value>
                <![CDATA[public void com.SwagLabs.checkbox.checkBox() throws java.lang.InterruptedException]]>
              </value>
            </param>
          </params>
          <reporter-output>
          </reporter-output>
        </test-method> <!-- startTest -->
        <test-method is-config="true" signature="captureScreenshotOnFailure(org.testng.ITestResult)[pri:0, instance:com.SwagLabs.checkbox@2289aca5]" started-at="2025-02-21T09:01:51 IST" name="captureScreenshotOnFailure" finished-at="2025-02-21T09:01:51 IST" duration-ms="0" status="PASS">
          <params>
            <param index="0">
              <value>
                <![CDATA[[TestResult name=checkBox status=SUCCESS method=checkbox.checkBox()[pri:0, instance:com.SwagLabs.checkbox@2289aca5] output={null}]]]>
              </value>
            </param>
          </params>
          <reporter-output>
          </reporter-output>
        </test-method> <!-- captureScreenshotOnFailure -->
        <test-method signature="checkBox()[pri:0, instance:com.SwagLabs.checkbox@2289aca5]" started-at="2025-02-21T09:01:51 IST" name="checkBox" finished-at="2025-02-21T09:01:54 IST" duration-ms="3052" status="PASS">
          <reporter-output>
          </reporter-output>
        </test-method> <!-- checkBox -->
        <test-method is-config="true" signature="startTest(java.lang.reflect.Method)[pri:0, instance:com.SwagLabs.checkbox@2289aca5]" started-at="2025-02-21T09:01:51 IST" name="startTest" finished-at="2025-02-21T09:01:51 IST" duration-ms="0" status="PASS">
          <params>
            <param index="0">
              <value>
                <![CDATA[public void com.SwagLabs.checkbox.checkBox() throws java.lang.InterruptedException]]>
              </value>
            </param>
          </params>
          <reporter-output>
          </reporter-output>
        </test-method> <!-- startTest -->
        <test-method is-config="true" signature="captureScreenshotOnFailure(org.testng.ITestResult)[pri:0, instance:com.SwagLabs.checkbox@2289aca5]" started-at="2025-02-21T09:01:51 IST" name="captureScreenshotOnFailure" finished-at="2025-02-21T09:01:51 IST" duration-ms="1" status="PASS">
          <params>
            <param index="0">
              <value>
                <![CDATA[[TestResult name=checkBox status=SUCCESS method=checkbox.checkBox()[pri:0, instance:com.SwagLabs.checkbox@2289aca5] output={null}]]]>
              </value>
            </param>
          </params>
          <reporter-output>
          </reporter-output>
        </test-method> <!-- captureScreenshotOnFailure -->
        <test-method is-config="true" signature="startTest(java.lang.reflect.Method)[pri:0, instance:com.SwagLabs.checkbox@2289aca5]" started-at="2025-02-21T09:01:51 IST" name="startTest" finished-at="2025-02-21T09:01:51 IST" duration-ms="0" status="PASS">
          <params>
            <param index="0">
              <value>
                <![CDATA[public void com.SwagLabs.checkbox.checkBox() throws java.lang.InterruptedException]]>
              </value>
            </param>
          </params>
          <reporter-output>
          </reporter-output>
        </test-method> <!-- startTest -->
        <test-method signature="checkBox()[pri:0, instance:com.SwagLabs.checkbox@2289aca5]" started-at="2025-02-21T09:01:51 IST" name="checkBox" finished-at="2025-02-21T09:01:54 IST" duration-ms="3055" status="PASS">
          <reporter-output>
          </reporter-output>
        </test-method> <!-- checkBox -->
        <test-method is-config="true" signature="captureScreenshotOnFailure(org.testng.ITestResult)[pri:0, instance:com.SwagLabs.checkbox@2289aca5]" started-at="2025-02-21T09:01:51 IST" name="captureScreenshotOnFailure" finished-at="2025-02-21T09:01:51 IST" duration-ms="0" status="PASS">
          <params>
            <param index="0">
              <value>
                <![CDATA[[TestResult name=checkBox status=SUCCESS method=checkbox.checkBox()[pri:0, instance:com.SwagLabs.checkbox@2289aca5] output={null}]]]>
              </value>
            </param>
          </params>
          <reporter-output>
          </reporter-output>
        </test-method> <!-- captureScreenshotOnFailure -->
        <test-method is-config="true" signature="startTest(java.lang.reflect.Method)[pri:0, instance:com.SwagLabs.checkbox@2289aca5]" started-at="2025-02-21T09:01:51 IST" name="startTest" finished-at="2025-02-21T09:01:51 IST" duration-ms="3" status="PASS">
          <params>
            <param index="0">
              <value>
                <![CDATA[public void com.SwagLabs.checkbox.checkBox() throws java.lang.InterruptedException]]>
              </value>
            </param>
          </params>
          <reporter-output>
          </reporter-output>
        </test-method> <!-- startTest -->
        <test-method signature="checkBox()[pri:0, instance:com.SwagLabs.checkbox@2289aca5]" started-at="2025-02-21T09:01:51 IST" name="checkBox" finished-at="2025-02-21T09:01:55 IST" duration-ms="3056" status="PASS">
          <reporter-output>
          </reporter-output>
        </test-method> <!-- checkBox -->
        <test-method is-config="true" signature="captureScreenshotOnFailure(org.testng.ITestResult)[pri:0, instance:com.SwagLabs.checkbox@2289aca5]" started-at="2025-02-21T09:01:54 IST" name="captureScreenshotOnFailure" finished-at="2025-02-21T09:01:54 IST" duration-ms="6" status="PASS">
          <params>
            <param index="0">
              <value>
                <![CDATA[[TestResult name=checkBox status=SUCCESS method=checkbox.checkBox()[pri:0, instance:com.SwagLabs.checkbox@2289aca5] output={null}]]]>
              </value>
            </param>
          </params>
          <reporter-output>
          </reporter-output>
        </test-method> <!-- captureScreenshotOnFailure -->
        <test-method signature="checkBox()[pri:0, instance:com.SwagLabs.checkbox@2289aca5]" started-at="2025-02-21T09:01:54 IST" name="checkBox" finished-at="2025-02-21T09:01:57 IST" duration-ms="3058" status="PASS">
          <reporter-output>
          </reporter-output>
        </test-method> <!-- checkBox -->
        <test-method is-config="true" signature="startTest(java.lang.reflect.Method)[pri:0, instance:com.SwagLabs.checkbox@2289aca5]" started-at="2025-02-21T09:01:54 IST" name="startTest" finished-at="2025-02-21T09:01:54 IST" duration-ms="0" status="PASS">
          <params>
            <param index="0">
              <value>
                <![CDATA[public void com.SwagLabs.checkbox.checkBox() throws java.lang.InterruptedException]]>
              </value>
            </param>
          </params>
          <reporter-output>
          </reporter-output>
        </test-method> <!-- startTest -->
        <test-method is-config="true" signature="captureScreenshotOnFailure(org.testng.ITestResult)[pri:0, instance:com.SwagLabs.checkbox@2289aca5]" started-at="2025-02-21T09:01:54 IST" name="captureScreenshotOnFailure" finished-at="2025-02-21T09:01:54 IST" duration-ms="0" status="PASS">
          <params>
            <param index="0">
              <value>
                <![CDATA[[TestResult name=checkBox status=SUCCESS method=checkbox.checkBox()[pri:0, instance:com.SwagLabs.checkbox@2289aca5] output={null}]]]>
              </value>
            </param>
          </params>
          <reporter-output>
          </reporter-output>
        </test-method> <!-- captureScreenshotOnFailure -->
        <test-method is-config="true" signature="captureScreenshotOnFailure(org.testng.ITestResult)[pri:0, instance:com.SwagLabs.checkbox@2289aca5]" started-at="2025-02-21T09:01:55 IST" name="captureScreenshotOnFailure" finished-at="2025-02-21T09:01:55 IST" duration-ms="0" status="PASS">
          <params>
            <param index="0">
              <value>
                <![CDATA[[TestResult name=checkBox status=SUCCESS method=checkbox.checkBox()[pri:0, instance:com.SwagLabs.checkbox@2289aca5] output={null}]]]>
              </value>
            </param>
          </params>
          <reporter-output>
          </reporter-output>
        </test-method> <!-- captureScreenshotOnFailure -->
        <test-method is-config="true" signature="captureScreenshotOnFailure(org.testng.ITestResult)[pri:0, instance:com.SwagLabs.checkbox@2289aca5]" started-at="2025-02-21T09:01:57 IST" name="captureScreenshotOnFailure" finished-at="2025-02-21T09:01:57 IST" duration-ms="2" status="PASS">
          <params>
            <param index="0">
              <value>
                <![CDATA[[TestResult name=checkBox status=SUCCESS method=checkbox.checkBox()[pri:0, instance:com.SwagLabs.checkbox@2289aca5] output={null}]]]>
              </value>
            </param>
          </params>
          <reporter-output>
          </reporter-output>
        </test-method> <!-- captureScreenshotOnFailure -->
      </class> <!-- com.SwagLabs.checkbox -->
      <class name="com.SwagLabs.slider">
        <test-method is-config="true" signature="setUp()[pri:0, instance:com.SwagLabs.slider@52500920]" started-at="2025-02-21T09:01:38 IST" name="setUp" finished-at="2025-02-21T09:01:44 IST" duration-ms="6889" status="PASS">
          <reporter-output>
          </reporter-output>
        </test-method> <!-- setUp -->
        <test-method is-config="true" signature="startTest(java.lang.reflect.Method)[pri:0, instance:com.SwagLabs.slider@52500920]" started-at="2025-02-21T09:01:45 IST" name="startTest" finished-at="2025-02-21T09:01:45 IST" duration-ms="19" status="PASS">
          <params>
            <param index="0">
              <value>
                <![CDATA[public void com.SwagLabs.slider.slider()]]>
              </value>
            </param>
          </params>
          <reporter-output>
          </reporter-output>
        </test-method> <!-- startTest -->
        <test-method signature="slider()[pri:0, instance:com.SwagLabs.slider@52500920]" started-at="2025-02-21T09:01:45 IST" name="slider" finished-at="2025-02-21T09:01:46 IST" duration-ms="917" status="PASS">
          <reporter-output>
          </reporter-output>
        </test-method> <!-- slider -->
        <test-method is-config="true" signature="captureScreenshotOnFailure(org.testng.ITestResult)[pri:0, instance:com.SwagLabs.slider@52500920]" started-at="2025-02-21T09:01:46 IST" name="captureScreenshotOnFailure" finished-at="2025-02-21T09:01:46 IST" duration-ms="1" status="PASS">
          <params>
            <param index="0">
              <value>
                <![CDATA[[TestResult name=slider status=SUCCESS method=slider.slider()[pri:0, instance:com.SwagLabs.slider@52500920] output={null}]]]>
              </value>
            </param>
          </params>
          <reporter-output>
          </reporter-output>
        </test-method> <!-- captureScreenshotOnFailure -->
        <test-method is-config="true" signature="tearDown()[pri:0, instance:com.SwagLabs.slider@52500920]" started-at="2025-02-21T09:01:58 IST" name="tearDown" finished-at="2025-02-21T09:01:59 IST" duration-ms="1792" status="PASS">
          <reporter-output>
          </reporter-output>
        </test-method> <!-- tearDown -->
      </class> <!-- com.SwagLabs.slider -->
    </test> <!-- Test -->
  </suite> <!-- Suite -->
</testng-results>
